🚀 Starting Async Crawler (Headless: False)...

Phase 1: Collecting Active Streamers from Live Feed...
  📂 Visiting: https://www.tiktok.com/live
    -> Found 1 unique streamers so far...
    -> Found 1 unique streamers so far...
    -> Found 1 unique streamers so far...
    -> Found 1 unique streamers so far...
    -> Found 1 unique streamers so far...
    -> Found 1 unique streamers so far...
    -> Found 1 unique streamers so far...
    -> Found 1 unique streamers so far...
    -> Found 1 unique streamers so far...
    -> Found 1 unique streamers so far...
  📂 Visiting: https://www.tiktok.com/live/gaming
    -> Found 17 unique streamers so far...
    -> Found 17 unique streamers so far...
    -> Found 17 unique streamers so far...
    -> Found 17 unique streamers so far...
    -> Found 17 unique streamers so far...
    -> Found 17 unique streamers so far...
    -> Found 17 unique streamers so far...
    -> Found 17 unique streamers so far...
    -> Found 17 unique streamers so far...
    -> Found 17 unique streamers so far...
  📂 Visiting: https://www.tiktok.com/live/music
    -> Found 17 unique streamers so far...
    -> Found 17 unique streamers so far...
    -> Found 17 unique streamers so far...
    -> Found 17 unique streamers so far...
    -> Found 17 unique streamers so far...
    -> Found 17 unique streamers so far...
    -> Found 17 unique streamers so far...
    -> Found 17 unique streamers so far...
    -> Found 17 unique streamers so far...
    -> Found 17 unique streamers so far...
  📂 Visiting: https://www.tiktok.com/live/sports
    -> Found 17 unique streamers so far...
    -> Found 17 unique streamers so far...
    -> Found 17 unique streamers so far...
    -> Found 17 unique streamers so far...
    -> Found 17 unique streamers so far...
    -> Found 17 unique streamers so far...
    -> Found 17 unique streamers so far...
    -> Found 17 unique streamers so far...
    -> Found 17 unique streamers so far...
    -> Found 17 unique streamers so far...
  📂 Visiting: https://www.tiktok.com/live/entertainment
    -> Found 17 unique streamers so far...
    -> Found 17 unique streamers so far...
    -> Found 17 unique streamers so far...
    -> Found 17 unique streamers so far...
    -> Found 17 unique streamers so far...
    -> Found 17 unique streamers so far...
    -> Found 17 unique streamers so far...
    -> Found 17 unique streamers so far...
    -> Found 17 unique streamers so far...
    -> Found 17 unique streamers so far...

✅ Phase 1 Complete. Collected 17 streamers for detailed scraping.

Phase 2: Scraping details in parallel (3 tabs)...
  [Worker 0] Processing: wonyyy233
  [Worker 1] Processing: .callmechu
  [Worker 2] Processing: krays_up
  [Worker 2] Processing: kkonyang_11
  [Worker 0] Processing: ychlodel5
  [Worker 1] Processing: mang_gu002
  [Worker 2] Processing: wishcatcher888
  [Worker 1] Processing: s_____h_2_3
  [Worker 0] Processing: stiwarz_
  [Worker 2] Processing: banning_0412
  [Worker 1] Processing: seeyournow
  [Worker 0] Processing: shson15
  [Worker 2] Processing: qwoebflc4ixjcx
  [Worker 1] Processing: red_as_arose
  [Worker 0] Processing: bonitttt0
  [Worker 2] Processing: shenali13
  [Worker 0] Processing: hussein_1.26

✅ Crawling Finished! Saving 17 profiles.
💾 Files saved successfully to streamers_data.json and active_streamers.txt
