🚀 Starting Async Crawler (Headless: True)...

Phase 1: Collecting Active Streamers from Live Feed...
  📂 Visiting: https://www.tiktok.com/live
    -> Found 1 unique streamers so far...
    -> Found 1 unique streamers so far...
    -> Found 1 unique streamers so far...
    -> Found 1 unique streamers so far...
    -> Found 1 unique streamers so far...
    -> Found 1 unique streamers so far...
    -> Found 1 unique streamers so far...
    -> Found 1 unique streamers so far...
    -> Found 1 unique streamers so far...
    -> Found 1 unique streamers so far...
  📂 Visiting: https://www.tiktok.com/live/gaming
    -> Found 1 unique streamers so far...
    -> Found 1 unique streamers so far...
    -> Found 1 unique streamers so far...
    -> Found 1 unique streamers so far...
    -> Found 1 unique streamers so far...
    -> Found 1 unique streamers so far...
    -> Found 1 unique streamers so far...
    -> Found 1 unique streamers so far...
    -> Found 1 unique streamers so far...
    -> Found 1 unique streamers so far...
  📂 Visiting: https://www.tiktok.com/live/music
    -> Found 1 unique streamers so far...
    -> Found 1 unique streamers so far...
    -> Found 1 unique streamers so far...
    -> Found 1 unique streamers so far...
    -> Found 1 unique streamers so far...
    -> Found 1 unique streamers so far...
    -> Found 1 unique streamers so far...
    -> Found 1 unique streamers so far...
    -> Found 1 unique streamers so far...
    -> Found 1 unique streamers so far...
  📂 Visiting: https://www.tiktok.com/live/sports
    -> Found 1 unique streamers so far...
    -> Found 1 unique streamers so far...
    -> Found 1 unique streamers so far...
    -> Found 1 unique streamers so far...
    -> Found 1 unique streamers so far...
    -> Found 1 unique streamers so far...
    -> Found 1 unique streamers so far...
    -> Found 1 unique streamers so far...
    -> Found 1 unique streamers so far...
    -> Found 1 unique streamers so far...
  📂 Visiting: https://www.tiktok.com/live/entertainment
    -> Found 1 unique streamers so far...
    -> Found 1 unique streamers so far...
    -> Found 1 unique streamers so far...
    -> Found 1 unique streamers so far...
    -> Found 1 unique streamers so far...
    -> Found 1 unique streamers so far...
    -> Found 1 unique streamers so far...
    -> Found 1 unique streamers so far...
    -> Found 1 unique streamers so far...
    -> Found 1 unique streamers so far...

✅ Phase 1 Complete. Collected 1 streamers for detailed scraping.

Phase 2: Scraping details in parallel (3 tabs)...
  [Worker 0] Processing: hussein_1.26

✅ Crawling Finished! Saving 1 profiles.
💾 Files saved successfully to streamers_data.json and active_streamers.txt
